1) components/Icon.js > utils/styles.js > stores/config.js > views/visual/prve.js > components/Badge.js
2) utils/styles.js > stores/config.js > views/visual/prve.js > components/Badge.js
3) components/Button.js > components/AnimatedIcon.js > components/Icon.js > utils/styles.js > stores/config.js > views/visual/prve.js > components/Expander/Expander.js > components/Expander/ExpanderItem.js > components/Expander/ExpanderItemCurve.js > components/ComboBox.js
4) components/Icon.js > utils/styles.js > stores/config.js > views/visual/prve.js > components/Expander/Expander.js > components/Expander/ExpanderItem.js > components/Expander/ExpanderItemCurve.js > components/ComboBox.js
5) components/Button.js > components/AnimatedIcon.js > components/Icon.js > utils/styles.js > stores/config.js > views/visual/prve.js > components/Expander/Expander.js > components/Expander/ExpanderItem.js > components/Expander/ExpanderItemCurve.js > components/ComboBox.js > components/TextBox.js
6) components/ComboBox.js > components/TextBox.js
7) components/Icon.js > utils/styles.js > stores/config.js > views/visual/prve.js > components/Expander/Expander.js > components/Expander/ExpanderItem.js > components/Expander/ExpanderItemCurve.js > components/ComboBox.js > components/TextBox.js
8) utils/styles.js > stores/config.js > views/visual/prve.js > components/Expander/Expander.js > components/Expander/ExpanderItem.js > components/Expander/ExpanderItemCurve.js > components/ComboBox.js > components/TextBox.js
9) locales/config.js > locales/utils/interpolation.js > utils/i18n.js
10) utils/bridge.js > helpers/host-messages.js > locales/config.js > stores/dev.js
11) utils/styles.js > stores/config.js > views/visual/prve.js > components/Expander/Expander.js > components/Expander/ExpanderItem.js > components/Expander/ExpanderItemCurve.js > components/ComboBox.js > utils/bridge.js > helpers/host-messages.js > locales/config.js > utils/animation.js
12) utils/bridge.js > helpers/host-messages.js > locales/config.js
13) stores/config.js > views/visual/prve.js > components/Expander/Expander.js > components/Expander/ExpanderItem.js > components/Expander/ExpanderItemCurve.js > components/ComboBox.js > utils/bridge.js > helpers/host-messages.js
14) utils/styles.js > stores/config.js > views/visual/prve.js > components/Expander/Expander.js > components/Expander/ExpanderItem.js > components/Expander/ExpanderItemCurve.js > components/ComboBox.js
15) components/Expander/Expander.js > components/Expander/ExpanderItem.js > components/Expander/ExpanderItemCurve.js
16) components/Icon.js > utils/styles.js > stores/config.js > views/visual/prve.js > components/Expander/Expander.js > components/Expander/ExpanderItem.js
17) utils/styles.js > stores/config.js > views/visual/prve.js > components/Expander/Expander.js > components/Expander/ExpanderItem.js > components/Settings/SettingsCard/SettingsCard.js > components/Card.js
18) components/Expander/Expander.js > components/Expander/ExpanderItem.js > components/Settings/SettingsCard/SettingsCard.js
19) components/Expander/ExpanderItem.js > components/Settings/SettingsCard/SettingsCard.js
20) components/Icon.js > utils/styles.js > stores/config.js > views/visual/prve.js > components/Expander/Expander.js > components/Expander/ExpanderItem.js > components/Settings/SettingsCard/SettingsCard.js
21) utils/styles.js > stores/config.js > views/visual/prve.js > components/Expander/Expander.js > components/Expander/ExpanderItem.js > components/Settings/SettingsCard/SettingsCard.js > components/Sortable/SortableList.js > components/Sortable/SortableItem.js > components/Sortable/SortableOverlay.js
22) utils/styles.js > stores/config.js > views/visual/prve.js > components/Expander/Expander.js > components/Expander/ExpanderItem.js > components/Settings/SettingsCard/SettingsCard.js > components/Sortable/SortableList.js > components/Sortable/SortableItem.js
23) utils/styles.js > stores/config.js > views/visual/prve.js > components/Expander/Expander.js > components/Expander/ExpanderItem.js > components/Settings/SettingsCard/SettingsCard.js > components/Sortable/SortableList.js
24) utils/styles.js > stores/config.js > views/visual/prve.js > components/Expander/Expander.js > components/Expander/ExpanderItem.js > components/Settings/SettingsCard/SettingsCard.js
25) utils/styles.js > stores/config.js > views/visual/prve.js > components/Expander/Expander.js > components/Expander/ExpanderItem.js
26) utils/styles.js > stores/config.js > views/visual/prve.js > components/Expander/Expander.js
27) components/Icon.js > utils/styles.js > stores/config.js > views/visual/prve.js > components/Expander/ExpanderRadio.js > components/ItemsView/ItemsView.js > components/ItemsView/ItemsViewItem.js > components/Checkbox.js
28) utils/styles.js > stores/config.js > views/visual/prve.js > components/Expander/ExpanderRadio.js > components/ItemsView/ItemsView.js > components/ItemsView/ItemsViewItem.js > components/Checkbox.js
29) components/Icon.js > utils/styles.js > stores/config.js > views/visual/prve.js > components/Expander/ExpanderRadio.js > components/ItemsView/ItemsView.js > components/ItemsView/ItemsViewItem.js
30) utils/styles.js > stores/config.js > views/visual/prve.js > components/Expander/ExpanderRadio.js > components/ItemsView/ItemsView.js > components/ItemsView/ItemsViewItem.js
31) utils/styles.js > stores/config.js > views/visual/prve.js > components/Expander/ExpanderRadio.js > components/ItemsView/ItemsView.js
32) utils/styles.js > stores/config.js > views/visual/prve.js > components/Expander/ExpanderRadio.js > components/RadioButton.js
33) utils/styles.js > stores/config.js > views/visual/prve.js > components/InfoBar.js
34) utils/styles.js > stores/config.js > views/visual/prve.js > components/Preview/PreviewPrve.js
35) views/visual/prve.js > components/Preview/PreviewPrve.js
36) components/Icon.js > utils/styles.js > stores/config.js > views/visual/prve.js > components/Segmented/Segmented.js > components/Segmented/SegmentedItem.js
37) utils/styles.js > stores/config.js > views/visual/prve.js > components/Segmented/Segmented.js
38) components/Icon.js > utils/styles.js > stores/config.js > views/visual/prve.js > components/Settings/SettingsCard/SettingsCardToggleSwitch.js > components/ToggleSwitch.js
39) utils/styles.js > stores/config.js > views/visual/prve.js > components/Settings/SettingsCard/SettingsCardToggleSwitch.js > components/ToggleSwitch.js
40) utils/styles.js > stores/config.js > views/visual/prve.js > components/Slider.js > hooks/smooth-value.js
41) stores/config.js > views/visual/prve.js > components/Slider.js
42) utils/styles.js > stores/config.js > views/visual/prve.js > components/Slider.js
43) stores/config.js > views/visual/prve.js
44) utils/styles.js > stores/config.js > views/visual/prve.js
45) utils/styles.js > styles/effects.js
46) utils/styles.js > styles/mixins.js
47) components/EmptyMessage/EmptyMessage.js > components/EmptyMessage/EmptyMessageTypical.js
48) components/EmptyMessage/EmptyMessage.js > components/EmptyMessage/EmptyMessageYtpDisabled.js
49) ShellPage.js > views/score.js
